<?xml version="1.0" encoding="UTF-8"?>
<!-- Generated by org.testng.reporters.JUnitReportReporter -->
<testsuite ignored="0" hostname="WS-02636159" failures="0" tests="1" name="tests.TestSuit1" time="4.988" errors="0" timestamp="12 Jul 2023 17:06:35 GMT" skipped="0">
  <testcase classname="tests.TestSuit1" name="testBox" time="4.988"/>
</testsuite> <!-- tests.TestSuit1 -->
